<?xml version="1.0" encoding="UTF-8"?>
<!-- Generated by org.testng.reporters.JUnitReportReporter -->
<testsuite hostname="LAPTOP-1E5OSFLE" name="scripts.LoginTest" tests="1" failures="0" timestamp="26 Dec 2020 10:49:42 GMT" time="39.259" errors="0">
  <testcase name="loginPageValidScenario" time="39.259" classname="scripts.LoginTest"/>
</testsuite> <!-- scripts.LoginTest -->
