<?xml version="1.0" encoding="UTF-8"?>
<!-- Generated by org.testng.reporters.JUnitReportReporter -->
<testsuite hostname="LAPTOP-1E5OSFLE" name="scripts.LoginTest" tests="1" failures="0" timestamp="5 Jan 2021 13:13:30 GMT" time="124.548" errors="0">
  <testcase name="loginPageValidScenario" time="124.548" classname="scripts.LoginTest"/>
</testsuite> <!-- scripts.LoginTest -->
