<?xml version="1.0" encoding="UTF-8"?>
<!-- Generated by org.testng.reporters.JUnitReportReporter -->
<testsuite hostname="LAPTOP-1E5OSFLE" name="scripts.InvalidLoginTest" tests="1" failures="0" timestamp="28 Dec 2020 03:42:28 GMT" time="60.546" errors="0">
  <testcase name="invalidloginScenario" time="60.546" classname="scripts.InvalidLoginTest"/>
</testsuite> <!-- scripts.InvalidLoginTest -->
