<?xml version="1.0" encoding="UTF-8"?>
<!-- Generated by org.testng.reporters.JUnitReportReporter -->
<testsuite hostname="LAPTOP-1E5OSFLE" name="scripts.ShopingTest" tests="1" failures="0" timestamp="26 Dec 2020 17:25:56 GMT" time="0.016" errors="0">
  <testcase name="shoping" time="0.016" classname="scripts.ShopingTest"/>
</testsuite> <!-- scripts.ShopingTest -->
