<?xml version="1.0" encoding="UTF-8"?>
<!-- Generated by org.testng.reporters.JUnitReportReporter -->
<testsuite hostname="LAPTOP-1E5OSFLE" name="scripts.ServicesTest" tests="1" failures="0" timestamp="28 Dec 2020 03:47:58 GMT" time="36.274" errors="0">
  <testcase name="service" time="36.274" classname="scripts.ServicesTest"/>
</testsuite> <!-- scripts.ServicesTest -->
