<?xml version="1.0" encoding="UTF-8"?>
<!-- Generated by org.testng.reporters.JUnitReportReporter -->
<testsuite hostname="LAPTOP-1E5OSFLE" name="scripts.LoginTest" tests="1" failures="0" timestamp="25 Dec 2020 07:41:59 GMT" time="46.442" errors="0">
  <testcase name="loginPageValidScenario" time="46.442" classname="scripts.LoginTest"/>
</testsuite> <!-- scripts.LoginTest -->
