<?xml version="1.0" encoding="UTF-8"?>
<!-- Generated by org.testng.reporters.JUnitReportReporter -->
<testsuite hostname="LAPTOP-1E5OSFLE" name="scripts.Logout" tests="1" failures="0" timestamp="5 Jan 2021 13:35:48 GMT" time="91.784" errors="0">
  <testcase name="signout" time="91.784" classname="scripts.Logout"/>
</testsuite> <!-- scripts.Logout -->
