<?xml version="1.0" encoding="UTF-8"?>
<!-- Generated by org.testng.reporters.JUnitReportReporter -->
<testsuite hostname="LAPTOP-1E5OSFLE" name="scripts.InvalidLoginTest" tests="1" failures="0" timestamp="25 Dec 2020 10:13:57 GMT" time="55.639" errors="0">
  <testcase name="invalidloginScenario" time="55.639" classname="scripts.InvalidLoginTest"/>
</testsuite> <!-- scripts.InvalidLoginTest -->
