<?xml version="1.0" encoding="UTF-8"?>
<!-- Generated by org.testng.reporters.JUnitReportReporter -->
<testsuite hostname="LAPTOP-1E5OSFLE" name="scripts.AgentTest" tests="1" failures="0" timestamp="28 Dec 2020 03:40:59 GMT" time="55.891" errors="0">
  <testcase name="chatWithAgent" time="55.891" classname="scripts.AgentTest"/>
</testsuite> <!-- scripts.AgentTest -->
