<?xml version="1.0" encoding="UTF-8"?>
<!-- Generated by org.testng.reporters.JUnitReportReporter -->
<testsuite hostname="LAPTOP-1E5OSFLE" name="scripts.ServicesTest" tests="1" failures="0" timestamp="26 Dec 2020 11:11:06 GMT" time="28.825" errors="0">
  <testcase name="service" time="28.825" classname="scripts.ServicesTest"/>
</testsuite> <!-- scripts.ServicesTest -->
